2022-02-24 13:33:37.171  INFO 20196 --- [restartedMain] c.b.b.BhEvaluationProApplication         : Starting BhEvaluationProApplication using Java 1.8.0_241 on ABJL00100012 with PID 20196 (D:\env\src\workspace-spring-tool-suite\BHEvaluationPro\target\classes started by kyao in D:\env\src\workspace-spring-tool-suite\BHEvaluationPro)
2022-02-24 13:33:37.297  INFO 20196 --- [restartedMain] c.b.b.BhEvaluationProApplication         : No active profile set, falling back to default profiles: default
2022-02-24 13:33:38.280  INFO 20196 --- [restartedMain] .e.DevToolsPropertyDefaultsPostProcessor : Devtools property defaults active! Set 'spring.devtools.add-properties' to 'false' to disable
2022-02-24 13:33:38.282  INFO 20196 --- [restartedMain] .e.DevToolsPropertyDefaultsPostProcessor : For additional web related logging consider setting the 'logging.level.web' property to 'DEBUG'
2022-02-24 13:33:43.854  INFO 20196 --- [restartedMain] .s.d.r.c.RepositoryConfigurationDelegate : Bootstrapping Spring Data JPA repositories in DEFAULT mode.
2022-02-24 13:33:44.059  INFO 20196 --- [restartedMain] .s.d.r.c.RepositoryConfigurationDelegate : Finished Spring Data repository scanning in 177 ms. Found 8 JPA repository interfaces.
2022-02-24 13:33:45.524  INFO 20196 --- [restartedMain] trationDelegate$BeanPostProcessorChecker : Bean 'org.springframework.ws.config.annotation.DelegatingWsConfiguration' of type [org.springframework.ws.config.annotation.DelegatingWsConfiguration$$EnhancerBySpringCGLIB$$d163fc67] is not eligible for getting processed by all BeanPostProcessors (for example: not eligible for auto-proxying)
2022-02-24 13:33:46.150  INFO 20196 --- [restartedMain] .w.s.a.s.AnnotationActionEndpointMapping : Supporting [WS-Addressing August 2004, WS-Addressing 1.0]
2022-02-24 13:33:48.118  INFO 20196 --- [restartedMain] o.s.b.w.embedded.tomcat.TomcatWebServer  : Tomcat initialized with port(s): 8080 (http)
2022-02-24 13:33:48.218  INFO 20196 --- [restartedMain] o.apache.catalina.core.StandardService   : Starting service [Tomcat]
2022-02-24 13:33:48.219  INFO 20196 --- [restartedMain] org.apache.catalina.core.StandardEngine  : Starting Servlet engine: [Apache Tomcat/9.0.56]
2022-02-24 13:33:48.437  INFO 20196 --- [restartedMain] o.a.c.c.C.[Tomcat].[localhost].[/]       : Initializing Spring embedded WebApplicationContext
2022-02-24 13:33:48.437  INFO 20196 --- [restartedMain] w.s.c.ServletWebServerApplicationContext : Root WebApplicationContext: initialization completed in 10125 ms
2022-02-24 13:33:50.549  INFO 20196 --- [restartedMain] o.hibernate.jpa.internal.util.LogHelper  : HHH000204: Processing PersistenceUnitInfo [name: default]
2022-02-24 13:33:51.064  INFO 20196 --- [restartedMain] org.hibernate.Version                    : HHH000412: Hibernate ORM core version 5.6.4.Final
2022-02-24 13:33:51.928  INFO 20196 --- [restartedMain] o.hibernate.annotations.common.Version   : HCANN000001: Hibernate Commons Annotations {5.1.2.Final}
2022-02-24 13:33:52.469  INFO 20196 --- [restartedMain] com.zaxxer.hikari.HikariDataSource       : HikariPool-1 - Starting...
2022-02-24 13:33:55.416  INFO 20196 --- [restartedMain] com.zaxxer.hikari.HikariDataSource       : HikariPool-1 - Start completed.
2022-02-24 13:33:55.546  INFO 20196 --- [restartedMain] org.hibernate.dialect.Dialect            : HHH000400: Using dialect: org.hibernate.dialect.MySQL5Dialect
2022-02-24 13:34:01.643  INFO 20196 --- [restartedMain] o.h.e.t.j.p.i.JtaPlatformInitiator       : HHH000490: Using JtaPlatform implementation: [org.hibernate.engine.transaction.jta.platform.internal.NoJtaPlatform]
2022-02-24 13:34:01.839  INFO 20196 --- [restartedMain] j.LocalContainerEntityManagerFactoryBean : Initialized JPA EntityManagerFactory for persistence unit 'default'
2022-02-24 13:34:04.488  WARN 20196 --- [restartedMain] JpaBaseConfiguration$JpaWebConfiguration : spring.jpa.open-in-view is enabled by default. Therefore, database queries may be performed during view rendering. Explicitly configure spring.jpa.open-in-view to disable this warning
2022-02-24 13:34:07.072  INFO 20196 --- [restartedMain] o.s.b.d.a.OptionalLiveReloadServer       : LiveReload server is running on port 35729
2022-02-24 13:34:07.267  INFO 20196 --- [restartedMain] o.s.b.w.embedded.tomcat.TomcatWebServer  : Tomcat started on port(s): 8080 (http) with context path ''
2022-02-24 13:34:07.282  INFO 20196 --- [restartedMain] c.b.b.BhEvaluationProApplication         : Started BhEvaluationProApplication in 33.739 seconds (JVM running for 48.679)
2022-02-24 13:34:13.221  INFO 20196 --- [http-nio-8080-exec-1] o.a.c.c.C.[Tomcat].[localhost].[/]       : Initializing Spring DispatcherServlet 'dispatcherServlet'
2022-02-24 13:34:13.222  INFO 20196 --- [http-nio-8080-exec-1] o.s.web.servlet.DispatcherServlet        : Initializing Servlet 'dispatcherServlet'
2022-02-24 13:34:13.223  INFO 20196 --- [http-nio-8080-exec-1] o.s.web.servlet.DispatcherServlet        : Completed initialization in 1 ms
2022-02-24 13:34:13.290  INFO 20196 --- [http-nio-8080-exec-1] c.b.b.controller.PersonnelController     : Initializing PersonnelService : getById
2022-02-24 13:34:13.308  INFO 20196 --- [http-nio-8080-exec-1] c.b.b.service.impl.PersonnelServiceImpl  : -- Find entity Personnel by Id : Begin --
2022-02-24 13:34:13.308  INFO 20196 --- [http-nio-8080-exec-1] c.b.b.service.impl.PersonnelServiceImpl  : -- Entity Personnel Id : 255 found successfully --
2022-02-24 13:34:13.663  INFO 20196 --- [http-nio-8080-exec-1] c.b.b.controller.PersonnelController     : Fonction ID :255 trouvée.
Traitement effectué avec succès!
2022-02-24 13:34:37.478  INFO 20196 --- [http-nio-8080-exec-3] o.apache.coyote.http11.Http11Processor   : Error parsing HTTP request header
 Note: further occurrences of HTTP request parsing errors will be logged at DEBUG level.

java.lang.IllegalArgumentException: Invalid character found in method name [0x160x030x010x020x000x010x000x010xfc0x030x030x9c|9O0xe00x8e5Z0x0a0xee0xac_&0x920x13R$:?OH0xee0xb7&v0x160x0dx0x88+0xbb0xe8 ]. HTTP method names must be tokens
	at org.apache.coyote.http11.Http11InputBuffer.parseRequestLine(Http11InputBuffer.java:419) ~[tomcat-embed-core-9.0.56.jar:9.0.56]
	at org.apache.coyote.http11.Http11Processor.service(Http11Processor.java:269) ~[tomcat-embed-core-9.0.56.jar:9.0.56]
	at org.apache.coyote.AbstractProcessorLight.process(AbstractProcessorLight.java:65) [tomcat-embed-core-9.0.56.jar:9.0.56]
	at org.apache.coyote.AbstractProtocol$ConnectionHandler.process(AbstractProtocol.java:895) [tomcat-embed-core-9.0.56.jar:9.0.56]
	at org.apache.tomcat.util.net.NioEndpoint$SocketProcessor.doRun(NioEndpoint.java:1732) [tomcat-embed-core-9.0.56.jar:9.0.56]
	at org.apache.tomcat.util.net.SocketProcessorBase.run(SocketProcessorBase.java:49) [tomcat-embed-core-9.0.56.jar:9.0.56]
	at org.apache.tomcat.util.threads.ThreadPoolExecutor.runWorker(ThreadPoolExecutor.java:1191) [tomcat-embed-core-9.0.56.jar:9.0.56]
	at org.apache.tomcat.util.threads.ThreadPoolExecutor$Worker.run(ThreadPoolExecutor.java:659) [tomcat-embed-core-9.0.56.jar:9.0.56]
	at org.apache.tomcat.util.threads.TaskThread$WrappingRunnable.run(TaskThread.java:61) [tomcat-embed-core-9.0.56.jar:9.0.56]
	at java.lang.Thread.run(Thread.java:748) [na:1.8.0_241]

2022-02-24 13:34:55.180  INFO 20196 --- [http-nio-8080-exec-4] c.b.b.controller.PersonnelController     : Initializing PersonnelService : getById
2022-02-24 13:34:55.181  INFO 20196 --- [http-nio-8080-exec-4] c.b.b.service.impl.PersonnelServiceImpl  : -- Find entity Personnel by Id : Begin --
2022-02-24 13:34:55.182  INFO 20196 --- [http-nio-8080-exec-4] c.b.b.service.impl.PersonnelServiceImpl  : -- Entity Personnel Id : 255 found successfully --
2022-02-24 13:34:55.187  INFO 20196 --- [http-nio-8080-exec-4] c.b.b.controller.PersonnelController     : Fonction ID :255 trouvée.
Traitement effectué avec succès!
2022-02-24 13:36:02.203  INFO 20196 --- [http-nio-8080-exec-7] c.b.b.controller.PersonnelController     : Initializing PersonnelService : getFonctions
2022-02-24 13:36:02.204  INFO 20196 --- [http-nio-8080-exec-7] c.b.b.service.impl.PersonnelServiceImpl  : -- Get all entities Personnel : Begin --
2022-02-24 13:36:02.273  INFO 20196 --- [http-nio-8080-exec-7] c.b.b.service.impl.PersonnelServiceImpl  : -- All entities Personnel get successfully --
2022-02-24 13:36:03.562  INFO 20196 --- [http-nio-8080-exec-7] c.b.b.controller.PersonnelController     : Une liste d'une ou plusieurs Fonction trouvée.
Traitement effectué avec succès!
2022-02-24 15:00:16.066  INFO 20196 --- [Thread-7] j.LocalContainerEntityManagerFactoryBean : Closing JPA EntityManagerFactory for persistence unit 'default'
2022-02-24 15:00:16.088  INFO 20196 --- [Thread-7] com.zaxxer.hikari.HikariDataSource       : HikariPool-1 - Shutdown initiated...
2022-02-24 15:00:16.096  INFO 20196 --- [Thread-7] com.zaxxer.hikari.HikariDataSource       : HikariPool-1 - Shutdown completed.
2022-02-24 15:00:16.963  INFO 20196 --- [restartedMain] c.b.b.BhEvaluationProApplication         : Starting BhEvaluationProApplication using Java 1.8.0_241 on ABJL00100012 with PID 20196 (D:\env\src\workspace-spring-tool-suite\BHEvaluationPro\target\classes started by kyao in D:\env\src\workspace-spring-tool-suite\BHEvaluationPro)
2022-02-24 15:00:16.964  INFO 20196 --- [restartedMain] c.b.b.BhEvaluationProApplication         : No active profile set, falling back to default profiles: default
2022-02-24 15:00:19.676  INFO 20196 --- [restartedMain] .s.d.r.c.RepositoryConfigurationDelegate : Bootstrapping Spring Data JPA repositories in DEFAULT mode.
2022-02-24 15:00:19.722  INFO 20196 --- [restartedMain] .s.d.r.c.RepositoryConfigurationDelegate : Finished Spring Data repository scanning in 46 ms. Found 8 JPA repository interfaces.
2022-02-24 15:00:19.809  INFO 20196 --- [restartedMain] trationDelegate$BeanPostProcessorChecker : Bean 'org.springframework.ws.config.annotation.DelegatingWsConfiguration' of type [org.springframework.ws.config.annotation.DelegatingWsConfiguration$$EnhancerBySpringCGLIB$$d163fc67] is not eligible for getting processed by all BeanPostProcessors (for example: not eligible for auto-proxying)
2022-02-24 15:00:19.811  INFO 20196 --- [restartedMain] .w.s.a.s.AnnotationActionEndpointMapping : Supporting [WS-Addressing August 2004, WS-Addressing 1.0]
2022-02-24 15:00:20.293  INFO 20196 --- [restartedMain] o.s.b.w.embedded.tomcat.TomcatWebServer  : Tomcat initialized with port(s): 8080 (http)
2022-02-24 15:00:20.294  INFO 20196 --- [restartedMain] o.apache.catalina.core.StandardService   : Starting service [Tomcat]
2022-02-24 15:00:20.294  INFO 20196 --- [restartedMain] org.apache.catalina.core.StandardEngine  : Starting Servlet engine: [Apache Tomcat/9.0.56]
2022-02-24 15:00:20.386  INFO 20196 --- [restartedMain] o.a.c.c.C.[Tomcat].[localhost].[/]       : Initializing Spring embedded WebApplicationContext
2022-02-24 15:00:20.386  INFO 20196 --- [restartedMain] w.s.c.ServletWebServerApplicationContext : Root WebApplicationContext: initialization completed in 3416 ms
2022-02-24 15:00:20.462  INFO 20196 --- [restartedMain] o.hibernate.jpa.internal.util.LogHelper  : HHH000204: Processing PersistenceUnitInfo [name: default]
2022-02-24 15:00:20.469  INFO 20196 --- [restartedMain] com.zaxxer.hikari.HikariDataSource       : HikariPool-2 - Starting...
2022-02-24 15:00:20.485  INFO 20196 --- [restartedMain] com.zaxxer.hikari.HikariDataSource       : HikariPool-2 - Start completed.
2022-02-24 15:00:20.486  INFO 20196 --- [restartedMain] org.hibernate.dialect.Dialect            : HHH000400: Using dialect: org.hibernate.dialect.MySQL5Dialect
2022-02-24 15:00:25.175  INFO 20196 --- [restartedMain] o.h.e.t.j.p.i.JtaPlatformInitiator       : HHH000490: Using JtaPlatform implementation: [org.hibernate.engine.transaction.jta.platform.internal.NoJtaPlatform]
2022-02-24 15:00:25.176  INFO 20196 --- [restartedMain] j.LocalContainerEntityManagerFactoryBean : Initialized JPA EntityManagerFactory for persistence unit 'default'
2022-02-24 15:00:25.939  WARN 20196 --- [restartedMain] JpaBaseConfiguration$JpaWebConfiguration : spring.jpa.open-in-view is enabled by default. Therefore, database queries may be performed during view rendering. Explicitly configure spring.jpa.open-in-view to disable this warning
2022-02-24 15:00:26.209  INFO 20196 --- [restartedMain] o.s.b.d.a.OptionalLiveReloadServer       : LiveReload server is running on port 35729
2022-02-24 15:00:26.251  INFO 20196 --- [restartedMain] o.s.b.w.embedded.tomcat.TomcatWebServer  : Tomcat started on port(s): 8080 (http) with context path ''
2022-02-24 15:00:26.257  INFO 20196 --- [restartedMain] c.b.b.BhEvaluationProApplication         : Started BhEvaluationProApplication in 9.706 seconds (JVM running for 5227.73)
2022-02-24 15:00:26.261  INFO 20196 --- [restartedMain] .ConditionEvaluationDeltaLoggingListener : Condition evaluation unchanged
2022-02-24 16:11:47.889  INFO 20196 --- [http-nio-8080-exec-2] o.a.c.c.C.[Tomcat].[localhost].[/]       : Initializing Spring DispatcherServlet 'dispatcherServlet'
2022-02-24 16:11:47.893  INFO 20196 --- [http-nio-8080-exec-2] o.s.web.servlet.DispatcherServlet        : Initializing Servlet 'dispatcherServlet'
2022-02-24 16:11:47.901  INFO 20196 --- [http-nio-8080-exec-2] o.s.web.servlet.DispatcherServlet        : Completed initialization in 8 ms
2022-02-24 16:11:47.915  INFO 20196 --- [http-nio-8080-exec-2] c.b.b.controller.PersonnelController     : Initializing PersonnelService : getFonctions
2022-02-24 16:11:47.937  INFO 20196 --- [http-nio-8080-exec-2] c.b.b.service.impl.PersonnelServiceImpl  : -- Get all entities Personnel : Begin --
2022-02-24 16:11:48.032  INFO 20196 --- [http-nio-8080-exec-2] c.b.b.service.impl.PersonnelServiceImpl  : -- All entities Personnel get successfully --
2022-02-24 16:11:49.162  INFO 20196 --- [http-nio-8080-exec-2] c.b.b.controller.PersonnelController     : Une liste d'une ou plusieurs Fonction trouvée.
Traitement effectué avec succès!
2022-02-24 16:32:20.160  INFO 20196 --- [http-nio-8080-exec-4] c.b.b.controller.DirectionController     : Initializing DirectionService : getDirections
2022-02-24 16:32:20.173  INFO 20196 --- [http-nio-8080-exec-4] c.b.b.service.impl.DirectionServiceImpl  : -- Get all entities Direction : Begin --
2022-02-24 16:32:20.174  INFO 20196 --- [http-nio-8080-exec-4] c.b.b.service.impl.DirectionServiceImpl  : -- All entities Direction get successfully --
2022-02-24 16:32:20.287  INFO 20196 --- [http-nio-8080-exec-4] c.b.b.controller.DirectionController     : Une liste de une ou plusieurs Direction trouvée.
Traitement effectué avec succès!
2022-02-24 16:34:28.177  INFO 20196 --- [Thread-9] j.LocalContainerEntityManagerFactoryBean : Closing JPA EntityManagerFactory for persistence unit 'default'
2022-02-24 16:34:28.185  INFO 20196 --- [Thread-9] com.zaxxer.hikari.HikariDataSource       : HikariPool-2 - Shutdown initiated...
2022-02-24 16:34:28.200  INFO 20196 --- [Thread-9] com.zaxxer.hikari.HikariDataSource       : HikariPool-2 - Shutdown completed.
2022-02-24 16:34:28.717  INFO 20196 --- [restartedMain] c.b.b.BhEvaluationProApplication         : Starting BhEvaluationProApplication using Java 1.8.0_241 on ABJL00100012 with PID 20196 (D:\env\src\workspace-spring-tool-suite\BHEvaluationPro\target\classes started by kyao in D:\env\src\workspace-spring-tool-suite\BHEvaluationPro)
2022-02-24 16:34:28.718  INFO 20196 --- [restartedMain] c.b.b.BhEvaluationProApplication         : No active profile set, falling back to default profiles: default
2022-02-24 16:34:29.844  INFO 20196 --- [restartedMain] .s.d.r.c.RepositoryConfigurationDelegate : Bootstrapping Spring Data JPA repositories in DEFAULT mode.
2022-02-24 16:34:29.890  INFO 20196 --- [restartedMain] .s.d.r.c.RepositoryConfigurationDelegate : Finished Spring Data repository scanning in 45 ms. Found 8 JPA repository interfaces.
2022-02-24 16:34:29.994  INFO 20196 --- [restartedMain] trationDelegate$BeanPostProcessorChecker : Bean 'org.springframework.ws.config.annotation.DelegatingWsConfiguration' of type [org.springframework.ws.config.annotation.DelegatingWsConfiguration$$EnhancerBySpringCGLIB$$d163fc67] is not eligible for getting processed by all BeanPostProcessors (for example: not eligible for auto-proxying)
2022-02-24 16:34:29.996  INFO 20196 --- [restartedMain] .w.s.a.s.AnnotationActionEndpointMapping : Supporting [WS-Addressing August 2004, WS-Addressing 1.0]
2022-02-24 16:34:30.180  INFO 20196 --- [restartedMain] o.s.b.w.embedded.tomcat.TomcatWebServer  : Tomcat initialized with port(s): 8080 (http)
2022-02-24 16:34:30.181  INFO 20196 --- [restartedMain] o.apache.catalina.core.StandardService   : Starting service [Tomcat]
2022-02-24 16:34:30.181  INFO 20196 --- [restartedMain] org.apache.catalina.core.StandardEngine  : Starting Servlet engine: [Apache Tomcat/9.0.56]
2022-02-24 16:34:30.214  INFO 20196 --- [restartedMain] o.a.c.c.C.[Tomcat].[localhost].[/]       : Initializing Spring embedded WebApplicationContext
2022-02-24 16:34:30.214  INFO 20196 --- [restartedMain] w.s.c.ServletWebServerApplicationContext : Root WebApplicationContext: initialization completed in 1491 ms
2022-02-24 16:34:30.285  INFO 20196 --- [restartedMain] o.hibernate.jpa.internal.util.LogHelper  : HHH000204: Processing PersistenceUnitInfo [name: default]
2022-02-24 16:34:30.291  INFO 20196 --- [restartedMain] com.zaxxer.hikari.HikariDataSource       : HikariPool-3 - Starting...
2022-02-24 16:34:30.309  INFO 20196 --- [restartedMain] com.zaxxer.hikari.HikariDataSource       : HikariPool-3 - Start completed.
2022-02-24 16:34:30.309  INFO 20196 --- [restartedMain] org.hibernate.dialect.Dialect            : HHH000400: Using dialect: org.hibernate.dialect.MySQL5Dialect
2022-02-24 16:34:33.716  INFO 20196 --- [restartedMain] o.h.e.t.j.p.i.JtaPlatformInitiator       : HHH000490: Using JtaPlatform implementation: [org.hibernate.engine.transaction.jta.platform.internal.NoJtaPlatform]
2022-02-24 16:34:33.717  INFO 20196 --- [restartedMain] j.LocalContainerEntityManagerFactoryBean : Initialized JPA EntityManagerFactory for persistence unit 'default'
2022-02-24 16:34:34.314  WARN 20196 --- [restartedMain] JpaBaseConfiguration$JpaWebConfiguration : spring.jpa.open-in-view is enabled by default. Therefore, database queries may be performed during view rendering. Explicitly configure spring.jpa.open-in-view to disable this warning
2022-02-24 16:34:34.610  INFO 20196 --- [restartedMain] o.s.b.d.a.OptionalLiveReloadServer       : LiveReload server is running on port 35729
2022-02-24 16:34:34.654  INFO 20196 --- [restartedMain] o.s.b.w.embedded.tomcat.TomcatWebServer  : Tomcat started on port(s): 8080 (http) with context path ''
2022-02-24 16:34:34.661  INFO 20196 --- [restartedMain] c.b.b.BhEvaluationProApplication         : Started BhEvaluationProApplication in 5.993 seconds (JVM running for 10876.189)
2022-02-24 16:34:34.663  INFO 20196 --- [restartedMain] .ConditionEvaluationDeltaLoggingListener : Condition evaluation unchanged
2022-02-24 16:35:06.584  INFO 20196 --- [Thread-13] j.LocalContainerEntityManagerFactoryBean : Closing JPA EntityManagerFactory for persistence unit 'default'
2022-02-24 16:35:06.588  INFO 20196 --- [Thread-13] com.zaxxer.hikari.HikariDataSource       : HikariPool-3 - Shutdown initiated...
2022-02-24 16:35:06.606  INFO 20196 --- [Thread-13] com.zaxxer.hikari.HikariDataSource       : HikariPool-3 - Shutdown completed.
2022-02-24 16:35:06.963  INFO 20196 --- [restartedMain] c.b.b.BhEvaluationProApplication         : Starting BhEvaluationProApplication using Java 1.8.0_241 on ABJL00100012 with PID 20196 (D:\env\src\workspace-spring-tool-suite\BHEvaluationPro\target\classes started by kyao in D:\env\src\workspace-spring-tool-suite\BHEvaluationPro)
2022-02-24 16:35:06.963  INFO 20196 --- [restartedMain] c.b.b.BhEvaluationProApplication         : No active profile set, falling back to default profiles: default
2022-02-24 16:35:07.315  INFO 20196 --- [restartedMain] .s.d.r.c.RepositoryConfigurationDelegate : Bootstrapping Spring Data JPA repositories in DEFAULT mode.
2022-02-24 16:35:07.464  INFO 20196 --- [restartedMain] .s.d.r.c.RepositoryConfigurationDelegate : Finished Spring Data repository scanning in 148 ms. Found 8 JPA repository interfaces.
2022-02-24 16:35:07.572  INFO 20196 --- [restartedMain] trationDelegate$BeanPostProcessorChecker : Bean 'org.springframework.ws.config.annotation.DelegatingWsConfiguration' of type [org.springframework.ws.config.annotation.DelegatingWsConfiguration$$EnhancerBySpringCGLIB$$d163fc67] is not eligible for getting processed by all BeanPostProcessors (for example: not eligible for auto-proxying)
2022-02-24 16:35:07.574  INFO 20196 --- [restartedMain] .w.s.a.s.AnnotationActionEndpointMapping : Supporting [WS-Addressing August 2004, WS-Addressing 1.0]
2022-02-24 16:35:07.801  INFO 20196 --- [restartedMain] o.s.b.w.embedded.tomcat.TomcatWebServer  : Tomcat initialized with port(s): 8080 (http)
2022-02-24 16:35:07.802  INFO 20196 --- [restartedMain] o.apache.catalina.core.StandardService   : Starting service [Tomcat]
2022-02-24 16:35:07.802  INFO 20196 --- [restartedMain] org.apache.catalina.core.StandardEngine  : Starting Servlet engine: [Apache Tomcat/9.0.56]
2022-02-24 16:35:07.832  INFO 20196 --- [restartedMain] o.a.c.c.C.[Tomcat].[localhost].[/]       : Initializing Spring embedded WebApplicationContext
2022-02-24 16:35:07.832  INFO 20196 --- [restartedMain] w.s.c.ServletWebServerApplicationContext : Root WebApplicationContext: initialization completed in 865 ms
2022-02-24 16:35:07.903  INFO 20196 --- [restartedMain] o.hibernate.jpa.internal.util.LogHelper  : HHH000204: Processing PersistenceUnitInfo [name: default]
2022-02-24 16:35:07.909  INFO 20196 --- [restartedMain] com.zaxxer.hikari.HikariDataSource       : HikariPool-4 - Starting...
2022-02-24 16:35:07.921  INFO 20196 --- [restartedMain] com.zaxxer.hikari.HikariDataSource       : HikariPool-4 - Start completed.
2022-02-24 16:35:07.922  INFO 20196 --- [restartedMain] org.hibernate.dialect.Dialect            : HHH000400: Using dialect: org.hibernate.dialect.MySQL5Dialect
2022-02-24 16:35:10.965  INFO 20196 --- [restartedMain] o.h.e.t.j.p.i.JtaPlatformInitiator       : HHH000490: Using JtaPlatform implementation: [org.hibernate.engine.transaction.jta.platform.internal.NoJtaPlatform]
2022-02-24 16:35:10.966  INFO 20196 --- [restartedMain] j.LocalContainerEntityManagerFactoryBean : Initialized JPA EntityManagerFactory for persistence unit 'default'
2022-02-24 16:35:11.998  WARN 20196 --- [restartedMain] JpaBaseConfiguration$JpaWebConfiguration : spring.jpa.open-in-view is enabled by default. Therefore, database queries may be performed during view rendering. Explicitly configure spring.jpa.open-in-view to disable this warning
2022-02-24 16:35:12.460  INFO 20196 --- [restartedMain] o.s.b.d.a.OptionalLiveReloadServer       : LiveReload server is running on port 35729
2022-02-24 16:35:12.494  INFO 20196 --- [restartedMain] o.s.b.w.embedded.tomcat.TomcatWebServer  : Tomcat started on port(s): 8080 (http) with context path ''
2022-02-24 16:35:12.501  INFO 20196 --- [restartedMain] c.b.b.BhEvaluationProApplication         : Started BhEvaluationProApplication in 5.583 seconds (JVM running for 10914.029)
2022-02-24 16:35:12.504  INFO 20196 --- [restartedMain] .ConditionEvaluationDeltaLoggingListener : Condition evaluation unchanged
2022-02-24 16:35:14.185  INFO 20196 --- [Thread-17] j.LocalContainerEntityManagerFactoryBean : Closing JPA EntityManagerFactory for persistence unit 'default'
2022-02-24 16:35:14.185  INFO 20196 --- [Thread-17] com.zaxxer.hikari.HikariDataSource       : HikariPool-4 - Shutdown initiated...
2022-02-24 16:35:14.194  INFO 20196 --- [Thread-17] com.zaxxer.hikari.HikariDataSource       : HikariPool-4 - Shutdown completed.
2022-02-24 16:35:14.461  INFO 20196 --- [restartedMain] c.b.b.BhEvaluationProApplication         : Starting BhEvaluationProApplication using Java 1.8.0_241 on ABJL00100012 with PID 20196 (D:\env\src\workspace-spring-tool-suite\BHEvaluationPro\target\classes started by kyao in D:\env\src\workspace-spring-tool-suite\BHEvaluationPro)
2022-02-24 16:35:14.461  INFO 20196 --- [restartedMain] c.b.b.BhEvaluationProApplication         : No active profile set, falling back to default profiles: default
2022-02-24 16:35:14.756  INFO 20196 --- [restartedMain] .s.d.r.c.RepositoryConfigurationDelegate : Bootstrapping Spring Data JPA repositories in DEFAULT mode.
2022-02-24 16:35:14.821  INFO 20196 --- [restartedMain] .s.d.r.c.RepositoryConfigurationDelegate : Finished Spring Data repository scanning in 64 ms. Found 8 JPA repository interfaces.
2022-02-24 16:35:14.911  INFO 20196 --- [restartedMain] trationDelegate$BeanPostProcessorChecker : Bean 'org.springframework.ws.config.annotation.DelegatingWsConfiguration' of type [org.springframework.ws.config.annotation.DelegatingWsConfiguration$$EnhancerBySpringCGLIB$$d163fc67] is not eligible for getting processed by all BeanPostProcessors (for example: not eligible for auto-proxying)
2022-02-24 16:35:14.912  INFO 20196 --- [restartedMain] .w.s.a.s.AnnotationActionEndpointMapping : Supporting [WS-Addressing August 2004, WS-Addressing 1.0]
2022-02-24 16:35:14.974  INFO 20196 --- [restartedMain] o.s.b.w.embedded.tomcat.TomcatWebServer  : Tomcat initialized with port(s): 8080 (http)
2022-02-24 16:35:14.975  INFO 20196 --- [restartedMain] o.apache.catalina.core.StandardService   : Starting service [Tomcat]
2022-02-24 16:35:14.975  INFO 20196 --- [restartedMain] org.apache.catalina.core.StandardEngine  : Starting Servlet engine: [Apache Tomcat/9.0.56]
2022-02-24 16:35:15.004  INFO 20196 --- [restartedMain] o.a.c.c.C.[Tomcat].[localhost].[/]       : Initializing Spring embedded WebApplicationContext
2022-02-24 16:35:15.004  INFO 20196 --- [restartedMain] w.s.c.ServletWebServerApplicationContext : Root WebApplicationContext: initialization completed in 539 ms
2022-02-24 16:35:15.084  INFO 20196 --- [restartedMain] o.hibernate.jpa.internal.util.LogHelper  : HHH000204: Processing PersistenceUnitInfo [name: default]
2022-02-24 16:35:15.093  INFO 20196 --- [restartedMain] com.zaxxer.hikari.HikariDataSource       : HikariPool-5 - Starting...
2022-02-24 16:35:15.110  INFO 20196 --- [restartedMain] com.zaxxer.hikari.HikariDataSource       : HikariPool-5 - Start completed.
2022-02-24 16:35:15.110  INFO 20196 --- [restartedMain] org.hibernate.dialect.Dialect            : HHH000400: Using dialect: org.hibernate.dialect.MySQL5Dialect
2022-02-24 16:35:18.265  INFO 20196 --- [restartedMain] o.h.e.t.j.p.i.JtaPlatformInitiator       : HHH000490: Using JtaPlatform implementation: [org.hibernate.engine.transaction.jta.platform.internal.NoJtaPlatform]
2022-02-24 16:35:18.266  INFO 20196 --- [restartedMain] j.LocalContainerEntityManagerFactoryBean : Initialized JPA EntityManagerFactory for persistence unit 'default'
2022-02-24 16:37:50.818  INFO 3296 --- [restartedMain] c.b.b.BhEvaluationProApplication         : Starting BhEvaluationProApplication using Java 1.8.0_241 on ABJL00100012 with PID 3296 (D:\env\src\workspace-spring-tool-suite\BHEvaluationPro\target\classes started by kyao in D:\env\src\workspace-spring-tool-suite\BHEvaluationPro)
2022-02-24 16:37:50.819  INFO 3296 --- [restartedMain] c.b.b.BhEvaluationProApplication         : No active profile set, falling back to default profiles: default
2022-02-24 16:37:50.879  INFO 3296 --- [restartedMain] .e.DevToolsPropertyDefaultsPostProcessor : Devtools property defaults active! Set 'spring.devtools.add-properties' to 'false' to disable
2022-02-24 16:37:50.880  INFO 3296 --- [restartedMain] .e.DevToolsPropertyDefaultsPostProcessor : For additional web related logging consider setting the 'logging.level.web' property to 'DEBUG'
2022-02-24 16:37:51.765  INFO 3296 --- [restartedMain] .s.d.r.c.RepositoryConfigurationDelegate : Bootstrapping Spring Data JPA repositories in DEFAULT mode.
2022-02-24 16:37:51.886  INFO 3296 --- [restartedMain] .s.d.r.c.RepositoryConfigurationDelegate : Finished Spring Data repository scanning in 109 ms. Found 8 JPA repository interfaces.
2022-02-24 16:37:52.310  INFO 3296 --- [restartedMain] trationDelegate$BeanPostProcessorChecker : Bean 'org.springframework.ws.config.annotation.DelegatingWsConfiguration' of type [org.springframework.ws.config.annotation.DelegatingWsConfiguration$$EnhancerBySpringCGLIB$$8c4e80ff] is not eligible for getting processed by all BeanPostProcessors (for example: not eligible for auto-proxying)
2022-02-24 16:37:52.416  INFO 3296 --- [restartedMain] .w.s.a.s.AnnotationActionEndpointMapping : Supporting [WS-Addressing August 2004, WS-Addressing 1.0]
2022-02-24 16:37:52.971  INFO 3296 --- [restartedMain] o.s.b.w.embedded.tomcat.TomcatWebServer  : Tomcat initialized with port(s): 8080 (http)
2022-02-24 16:37:52.984  INFO 3296 --- [restartedMain] o.apache.catalina.core.StandardService   : Starting service [Tomcat]
2022-02-24 16:37:52.985  INFO 3296 --- [restartedMain] org.apache.catalina.core.StandardEngine  : Starting Servlet engine: [Apache Tomcat/9.0.56]
2022-02-24 16:37:53.124  INFO 3296 --- [restartedMain] o.a.c.c.C.[Tomcat].[localhost].[/]       : Initializing Spring embedded WebApplicationContext
2022-02-24 16:37:53.125  INFO 3296 --- [restartedMain] w.s.c.ServletWebServerApplicationContext : Root WebApplicationContext: initialization completed in 2244 ms
2022-02-24 16:37:53.506  INFO 3296 --- [restartedMain] o.hibernate.jpa.internal.util.LogHelper  : HHH000204: Processing PersistenceUnitInfo [name: default]
2022-02-24 16:37:53.585  INFO 3296 --- [restartedMain] org.hibernate.Version                    : HHH000412: Hibernate ORM core version 5.6.4.Final
2022-02-24 16:37:53.843  INFO 3296 --- [restartedMain] o.hibernate.annotations.common.Version   : HCANN000001: Hibernate Commons Annotations {5.1.2.Final}
2022-02-24 16:37:54.006  INFO 3296 --- [restartedMain] com.zaxxer.hikari.HikariDataSource       : HikariPool-1 - Starting...
2022-02-24 16:37:54.821  INFO 3296 --- [restartedMain] com.zaxxer.hikari.HikariDataSource       : HikariPool-1 - Start completed.
2022-02-24 16:37:54.850  INFO 3296 --- [restartedMain] org.hibernate.dialect.Dialect            : HHH000400: Using dialect: org.hibernate.dialect.MySQL5Dialect
2022-02-24 16:37:58.501  INFO 3296 --- [restartedMain] o.h.e.t.j.p.i.JtaPlatformInitiator       : HHH000490: Using JtaPlatform implementation: [org.hibernate.engine.transaction.jta.platform.internal.NoJtaPlatform]
2022-02-24 16:37:58.512  INFO 3296 --- [restartedMain] j.LocalContainerEntityManagerFactoryBean : Initialized JPA EntityManagerFactory for persistence unit 'default'
2022-02-24 16:38:00.337  WARN 3296 --- [restartedMain] JpaBaseConfiguration$JpaWebConfiguration : spring.jpa.open-in-view is enabled by default. Therefore, database queries may be performed during view rendering. Explicitly configure spring.jpa.open-in-view to disable this warning
2022-02-24 16:38:02.338  INFO 3296 --- [restartedMain] o.s.b.d.a.OptionalLiveReloadServer       : LiveReload server is running on port 35729
2022-02-24 16:38:02.405  INFO 3296 --- [restartedMain] o.s.b.w.embedded.tomcat.TomcatWebServer  : Tomcat started on port(s): 8080 (http) with context path ''
2022-02-24 16:38:02.421  INFO 3296 --- [restartedMain] c.b.b.BhEvaluationProApplication         : Started BhEvaluationProApplication in 12.15 seconds (JVM running for 14.327)
2022-02-24 16:38:13.417  INFO 3296 --- [http-nio-8080-exec-1] o.a.c.c.C.[Tomcat].[localhost].[/]       : Initializing Spring DispatcherServlet 'dispatcherServlet'
2022-02-24 16:38:13.417  INFO 3296 --- [http-nio-8080-exec-1] o.s.web.servlet.DispatcherServlet        : Initializing Servlet 'dispatcherServlet'
2022-02-24 16:38:13.419  INFO 3296 --- [http-nio-8080-exec-1] o.s.web.servlet.DispatcherServlet        : Completed initialization in 1 ms
2022-02-24 16:38:13.474  INFO 3296 --- [http-nio-8080-exec-1] c.b.b.controller.DirectionController     : Initializing DirectionService : getDirections
2022-02-24 16:38:13.496  INFO 3296 --- [http-nio-8080-exec-1] c.b.b.service.impl.DirectionServiceImpl  : -- Get all entities Direction : Begin --
2022-02-24 16:38:13.496  INFO 3296 --- [http-nio-8080-exec-1] c.b.b.service.impl.DirectionServiceImpl  : -- All entities Direction get successfully --
2022-02-24 16:38:13.652  INFO 3296 --- [http-nio-8080-exec-1] c.b.b.controller.DirectionController     : Une liste de une ou plusieurs Direction trouvée.
Traitement effectué avec succès!
2022-02-24 16:39:54.771  INFO 3296 --- [Thread-7] j.LocalContainerEntityManagerFactoryBean : Closing JPA EntityManagerFactory for persistence unit 'default'
2022-02-24 16:39:54.775  INFO 3296 --- [Thread-7] com.zaxxer.hikari.HikariDataSource       : HikariPool-1 - Shutdown initiated...
2022-02-24 16:39:54.788  INFO 3296 --- [Thread-7] com.zaxxer.hikari.HikariDataSource       : HikariPool-1 - Shutdown completed.
2022-02-24 16:39:55.067  INFO 3296 --- [restartedMain] c.b.b.BhEvaluationProApplication         : Starting BhEvaluationProApplication using Java 1.8.0_241 on ABJL00100012 with PID 3296 (D:\env\src\workspace-spring-tool-suite\BHEvaluationPro\target\classes started by kyao in D:\env\src\workspace-spring-tool-suite\BHEvaluationPro)
2022-02-24 16:39:55.067  INFO 3296 --- [restartedMain] c.b.b.BhEvaluationProApplication         : No active profile set, falling back to default profiles: default
2022-02-24 16:39:55.371  INFO 3296 --- [restartedMain] .s.d.r.c.RepositoryConfigurationDelegate : Bootstrapping Spring Data JPA repositories in DEFAULT mode.
2022-02-24 16:39:55.416  INFO 3296 --- [restartedMain] .s.d.r.c.RepositoryConfigurationDelegate : Finished Spring Data repository scanning in 45 ms. Found 8 JPA repository interfaces.
2022-02-24 16:39:55.504  INFO 3296 --- [restartedMain] trationDelegate$BeanPostProcessorChecker : Bean 'org.springframework.ws.config.annotation.DelegatingWsConfiguration' of type [org.springframework.ws.config.annotation.DelegatingWsConfiguration$$EnhancerBySpringCGLIB$$8c4e80ff] is not eligible for getting processed by all BeanPostProcessors (for example: not eligible for auto-proxying)
2022-02-24 16:39:55.506  INFO 3296 --- [restartedMain] .w.s.a.s.AnnotationActionEndpointMapping : Supporting [WS-Addressing August 2004, WS-Addressing 1.0]
2022-02-24 16:39:55.658  INFO 3296 --- [restartedMain] o.s.b.w.embedded.tomcat.TomcatWebServer  : Tomcat initialized with port(s): 8080 (http)
2022-02-24 16:39:55.659  INFO 3296 --- [restartedMain] o.apache.catalina.core.StandardService   : Starting service [Tomcat]
2022-02-24 16:39:55.659  INFO 3296 --- [restartedMain] org.apache.catalina.core.StandardEngine  : Starting Servlet engine: [Apache Tomcat/9.0.56]
2022-02-24 16:39:55.693  INFO 3296 --- [restartedMain] o.a.c.c.C.[Tomcat].[localhost].[/]       : Initializing Spring embedded WebApplicationContext
2022-02-24 16:39:55.693  INFO 3296 --- [restartedMain] w.s.c.ServletWebServerApplicationContext : Root WebApplicationContext: initialization completed in 620 ms
2022-02-24 16:39:55.763  INFO 3296 --- [restartedMain] o.hibernate.jpa.internal.util.LogHelper  : HHH000204: Processing PersistenceUnitInfo [name: default]
2022-02-24 16:39:55.770  INFO 3296 --- [restartedMain] com.zaxxer.hikari.HikariDataSource       : HikariPool-2 - Starting...
2022-02-24 16:39:55.788  INFO 3296 --- [restartedMain] com.zaxxer.hikari.HikariDataSource       : HikariPool-2 - Start completed.
2022-02-24 16:39:55.789  INFO 3296 --- [restartedMain] org.hibernate.dialect.Dialect            : HHH000400: Using dialect: org.hibernate.dialect.MySQL5Dialect
2022-02-24 16:39:58.457  INFO 3296 --- [restartedMain] o.h.e.t.j.p.i.JtaPlatformInitiator       : HHH000490: Using JtaPlatform implementation: [org.hibernate.engine.transaction.jta.platform.internal.NoJtaPlatform]
2022-02-24 16:39:58.457  INFO 3296 --- [restartedMain] j.LocalContainerEntityManagerFactoryBean : Initialized JPA EntityManagerFactory for persistence unit 'default'
2022-02-24 16:39:58.935  WARN 3296 --- [restartedMain] JpaBaseConfiguration$JpaWebConfiguration : spring.jpa.open-in-view is enabled by default. Therefore, database queries may be performed during view rendering. Explicitly configure spring.jpa.open-in-view to disable this warning
2022-02-24 16:39:59.178  INFO 3296 --- [restartedMain] o.s.b.d.a.OptionalLiveReloadServer       : LiveReload server is running on port 35729
2022-02-24 16:39:59.196  INFO 3296 --- [restartedMain] o.s.b.w.embedded.tomcat.TomcatWebServer  : Tomcat started on port(s): 8080 (http) with context path ''
2022-02-24 16:39:59.203  INFO 3296 --- [restartedMain] c.b.b.BhEvaluationProApplication         : Started BhEvaluationProApplication in 4.174 seconds (JVM running for 131.109)
2022-02-24 16:39:59.206  INFO 3296 --- [restartedMain] .ConditionEvaluationDeltaLoggingListener : Condition evaluation unchanged
2022-02-24 16:40:21.689  INFO 3296 --- [Thread-9] j.LocalContainerEntityManagerFactoryBean : Closing JPA EntityManagerFactory for persistence unit 'default'
2022-02-24 16:40:21.692  INFO 3296 --- [Thread-9] com.zaxxer.hikari.HikariDataSource       : HikariPool-2 - Shutdown initiated...
2022-02-24 16:40:21.707  INFO 3296 --- [Thread-9] com.zaxxer.hikari.HikariDataSource       : HikariPool-2 - Shutdown completed.
2022-02-24 16:40:22.074  INFO 3296 --- [restartedMain] c.b.b.BhEvaluationProApplication         : Starting BhEvaluationProApplication using Java 1.8.0_241 on ABJL00100012 with PID 3296 (D:\env\src\workspace-spring-tool-suite\BHEvaluationPro\target\classes started by kyao in D:\env\src\workspace-spring-tool-suite\BHEvaluationPro)
2022-02-24 16:40:22.075  INFO 3296 --- [restartedMain] c.b.b.BhEvaluationProApplication         : No active profile set, falling back to default profiles: default
2022-02-24 16:40:22.397  INFO 3296 --- [restartedMain] .s.d.r.c.RepositoryConfigurationDelegate : Bootstrapping Spring Data JPA repositories in DEFAULT mode.
2022-02-24 16:40:22.453  INFO 3296 --- [restartedMain] .s.d.r.c.RepositoryConfigurationDelegate : Finished Spring Data repository scanning in 55 ms. Found 8 JPA repository interfaces.
2022-02-24 16:40:22.555  INFO 3296 --- [restartedMain] trationDelegate$BeanPostProcessorChecker : Bean 'org.springframework.ws.config.annotation.DelegatingWsConfiguration' of type [org.springframework.ws.config.annotation.DelegatingWsConfiguration$$EnhancerBySpringCGLIB$$8c4e80ff] is not eligible for getting processed by all BeanPostProcessors (for example: not eligible for auto-proxying)
2022-02-24 16:40:22.557  INFO 3296 --- [restartedMain] .w.s.a.s.AnnotationActionEndpointMapping : Supporting [WS-Addressing August 2004, WS-Addressing 1.0]
2022-02-24 16:40:22.634  INFO 3296 --- [restartedMain] o.s.b.w.embedded.tomcat.TomcatWebServer  : Tomcat initialized with port(s): 8080 (http)
2022-02-24 16:40:22.635  INFO 3296 --- [restartedMain] o.apache.catalina.core.StandardService   : Starting service [Tomcat]
2022-02-24 16:40:22.635  INFO 3296 --- [restartedMain] org.apache.catalina.core.StandardEngine  : Starting Servlet engine: [Apache Tomcat/9.0.56]
2022-02-24 16:40:22.674  INFO 3296 --- [restartedMain] o.a.c.c.C.[Tomcat].[localhost].[/]       : Initializing Spring embedded WebApplicationContext
2022-02-24 16:40:22.674  INFO 3296 --- [restartedMain] w.s.c.ServletWebServerApplicationContext : Root WebApplicationContext: initialization completed in 591 ms
2022-02-24 16:40:22.751  INFO 3296 --- [restartedMain] o.hibernate.jpa.internal.util.LogHelper  : HHH000204: Processing PersistenceUnitInfo [name: default]
2022-02-24 16:40:22.759  INFO 3296 --- [restartedMain] com.zaxxer.hikari.HikariDataSource       : HikariPool-3 - Starting...
2022-02-24 16:40:22.780  INFO 3296 --- [restartedMain] com.zaxxer.hikari.HikariDataSource       : HikariPool-3 - Start completed.
2022-02-24 16:40:22.781  INFO 3296 --- [restartedMain] org.hibernate.dialect.Dialect            : HHH000400: Using dialect: org.hibernate.dialect.MySQL5Dialect
2022-02-24 16:40:25.237  INFO 3296 --- [restartedMain] o.h.e.t.j.p.i.JtaPlatformInitiator       : HHH000490: Using JtaPlatform implementation: [org.hibernate.engine.transaction.jta.platform.internal.NoJtaPlatform]
2022-02-24 16:40:25.237  INFO 3296 --- [restartedMain] j.LocalContainerEntityManagerFactoryBean : Initialized JPA EntityManagerFactory for persistence unit 'default'
2022-02-24 16:40:25.711  WARN 3296 --- [restartedMain] JpaBaseConfiguration$JpaWebConfiguration : spring.jpa.open-in-view is enabled by default. Therefore, database queries may be performed during view rendering. Explicitly configure spring.jpa.open-in-view to disable this warning
2022-02-24 16:40:25.931  INFO 3296 --- [restartedMain] o.s.b.d.a.OptionalLiveReloadServer       : LiveReload server is running on port 35729
2022-02-24 16:40:25.948  INFO 3296 --- [restartedMain] o.s.b.w.embedded.tomcat.TomcatWebServer  : Tomcat started on port(s): 8080 (http) with context path ''
2022-02-24 16:40:25.953  INFO 3296 --- [restartedMain] c.b.b.BhEvaluationProApplication         : Started BhEvaluationProApplication in 3.935 seconds (JVM running for 157.859)
2022-02-24 16:40:25.956  INFO 3296 --- [restartedMain] .ConditionEvaluationDeltaLoggingListener : Condition evaluation unchanged
2022-02-24 16:40:31.195  INFO 3296 --- [http-nio-8080-exec-1] o.a.c.c.C.[Tomcat].[localhost].[/]       : Initializing Spring DispatcherServlet 'dispatcherServlet'
2022-02-24 16:40:31.196  INFO 3296 --- [http-nio-8080-exec-1] o.s.web.servlet.DispatcherServlet        : Initializing Servlet 'dispatcherServlet'
2022-02-24 16:40:31.198  INFO 3296 --- [http-nio-8080-exec-1] o.s.web.servlet.DispatcherServlet        : Completed initialization in 2 ms
2022-02-24 16:40:31.204  INFO 3296 --- [http-nio-8080-exec-1] c.b.b.controller.DirectionController     : Initializing DirectionService : getDirections
2022-02-24 16:40:31.223  INFO 3296 --- [http-nio-8080-exec-1] c.b.b.service.impl.DirectionServiceImpl  : -- Get all entities Direction : Begin --
2022-02-24 16:40:31.224  INFO 3296 --- [http-nio-8080-exec-1] c.b.b.service.impl.DirectionServiceImpl  : -- All entities Direction get successfully --
2022-02-24 16:40:31.258  INFO 3296 --- [http-nio-8080-exec-1] c.b.b.controller.DirectionController     : Une liste de une ou plusieurs Direction trouvée.
Traitement effectué avec succès!
2022-02-24 16:51:32.576  INFO 3296 --- [http-nio-8080-exec-3] c.b.b.controller.DirectionController     : Initializing DirectionService : getDirections
2022-02-24 16:51:32.579  INFO 3296 --- [http-nio-8080-exec-3] c.b.b.service.impl.DirectionServiceImpl  : -- Get all entities Direction : Begin --
2022-02-24 16:51:32.579  INFO 3296 --- [http-nio-8080-exec-3] c.b.b.service.impl.DirectionServiceImpl  : -- All entities Direction get successfully --
2022-02-24 16:51:32.593  INFO 3296 --- [http-nio-8080-exec-3] c.b.b.controller.DirectionController     : Une liste de une ou plusieurs Direction trouvée.
Traitement effectué avec succès!
2022-02-24 16:51:57.252  INFO 3296 --- [http-nio-8080-exec-4] c.b.b.controller.DirectionController     : Initializing DirectionService : getDirections
2022-02-24 16:51:57.254  INFO 3296 --- [http-nio-8080-exec-4] c.b.b.service.impl.DirectionServiceImpl  : -- Get all entities Direction : Begin --
2022-02-24 16:51:57.254  INFO 3296 --- [http-nio-8080-exec-4] c.b.b.service.impl.DirectionServiceImpl  : -- All entities Direction get successfully --
2022-02-24 16:51:57.267  INFO 3296 --- [http-nio-8080-exec-4] c.b.b.controller.DirectionController     : Une liste de une ou plusieurs Direction trouvée.
Traitement effectué avec succès!
2022-02-24 16:53:19.465  INFO 3296 --- [Thread-13] j.LocalContainerEntityManagerFactoryBean : Closing JPA EntityManagerFactory for persistence unit 'default'
2022-02-24 16:53:19.466  INFO 3296 --- [Thread-13] com.zaxxer.hikari.HikariDataSource       : HikariPool-3 - Shutdown initiated...
2022-02-24 16:53:19.481  INFO 3296 --- [Thread-13] com.zaxxer.hikari.HikariDataSource       : HikariPool-3 - Shutdown completed.
2022-02-24 16:53:19.890  INFO 3296 --- [restartedMain] c.b.b.BhEvaluationProApplication         : Starting BhEvaluationProApplication using Java 1.8.0_241 on ABJL00100012 with PID 3296 (D:\env\src\workspace-spring-tool-suite\BHEvaluationPro\target\classes started by kyao in D:\env\src\workspace-spring-tool-suite\BHEvaluationPro)
2022-02-24 16:53:19.890  INFO 3296 --- [restartedMain] c.b.b.BhEvaluationProApplication         : No active profile set, falling back to default profiles: default
2022-02-24 16:53:20.226  INFO 3296 --- [restartedMain] .s.d.r.c.RepositoryConfigurationDelegate : Bootstrapping Spring Data JPA repositories in DEFAULT mode.
2022-02-24 16:53:20.276  INFO 3296 --- [restartedMain] .s.d.r.c.RepositoryConfigurationDelegate : Finished Spring Data repository scanning in 49 ms. Found 8 JPA repository interfaces.
2022-02-24 16:53:20.354  INFO 3296 --- [restartedMain] trationDelegate$BeanPostProcessorChecker : Bean 'org.springframework.ws.config.annotation.DelegatingWsConfiguration' of type [org.springframework.ws.config.annotation.DelegatingWsConfiguration$$EnhancerBySpringCGLIB$$8c4e80ff] is not eligible for getting processed by all BeanPostProcessors (for example: not eligible for auto-proxying)
2022-02-24 16:53:20.357  INFO 3296 --- [restartedMain] .w.s.a.s.AnnotationActionEndpointMapping : Supporting [WS-Addressing August 2004, WS-Addressing 1.0]
2022-02-24 16:53:20.678  INFO 3296 --- [restartedMain] o.s.b.w.embedded.tomcat.TomcatWebServer  : Tomcat initialized with port(s): 8080 (http)
2022-02-24 16:53:20.679  INFO 3296 --- [restartedMain] o.apache.catalina.core.StandardService   : Starting service [Tomcat]
2022-02-24 16:53:20.679  INFO 3296 --- [restartedMain] org.apache.catalina.core.StandardEngine  : Starting Servlet engine: [Apache Tomcat/9.0.56]
2022-02-24 16:53:20.786  INFO 3296 --- [restartedMain] o.a.c.c.C.[Tomcat].[localhost].[/]       : Initializing Spring embedded WebApplicationContext
2022-02-24 16:53:20.786  INFO 3296 --- [restartedMain] w.s.c.ServletWebServerApplicationContext : Root WebApplicationContext: initialization completed in 892 ms
2022-02-24 16:53:20.862  INFO 3296 --- [restartedMain] o.hibernate.jpa.internal.util.LogHelper  : HHH000204: Processing PersistenceUnitInfo [name: default]
2022-02-24 16:53:20.869  INFO 3296 --- [restartedMain] com.zaxxer.hikari.HikariDataSource       : HikariPool-4 - Starting...
2022-02-24 16:53:20.887  INFO 3296 --- [restartedMain] com.zaxxer.hikari.HikariDataSource       : HikariPool-4 - Start completed.
2022-02-24 16:53:20.888  INFO 3296 --- [restartedMain] org.hibernate.dialect.Dialect            : HHH000400: Using dialect: org.hibernate.dialect.MySQL5Dialect
2022-02-24 16:53:24.930  INFO 3296 --- [restartedMain] o.h.e.t.j.p.i.JtaPlatformInitiator       : HHH000490: Using JtaPlatform implementation: [org.hibernate.engine.transaction.jta.platform.internal.NoJtaPlatform]
2022-02-24 16:53:24.931  INFO 3296 --- [restartedMain] j.LocalContainerEntityManagerFactoryBean : Initialized JPA EntityManagerFactory for persistence unit 'default'
2022-02-24 16:53:25.479  WARN 3296 --- [restartedMain] JpaBaseConfiguration$JpaWebConfiguration : spring.jpa.open-in-view is enabled by default. Therefore, database queries may be performed during view rendering. Explicitly configure spring.jpa.open-in-view to disable this warning
2022-02-24 16:53:25.768  INFO 3296 --- [restartedMain] o.s.b.d.a.OptionalLiveReloadServer       : LiveReload server is running on port 35729
2022-02-24 16:53:25.794  INFO 3296 --- [restartedMain] o.s.b.w.embedded.tomcat.TomcatWebServer  : Tomcat started on port(s): 8080 (http) with context path ''
2022-02-24 16:53:25.800  INFO 3296 --- [restartedMain] c.b.b.BhEvaluationProApplication         : Started BhEvaluationProApplication in 5.951 seconds (JVM running for 937.708)
2022-02-24 16:53:25.802  INFO 3296 --- [restartedMain] .ConditionEvaluationDeltaLoggingListener : Condition evaluation unchanged
2022-02-24 16:58:48.156  INFO 3296 --- [http-nio-8080-exec-1] o.a.c.c.C.[Tomcat].[localhost].[/]       : Initializing Spring DispatcherServlet 'dispatcherServlet'
2022-02-24 16:58:48.160  INFO 3296 --- [http-nio-8080-exec-1] o.s.web.servlet.DispatcherServlet        : Initializing Servlet 'dispatcherServlet'
2022-02-24 16:58:48.184  INFO 3296 --- [http-nio-8080-exec-1] o.s.web.servlet.DispatcherServlet        : Completed initialization in 23 ms
2022-02-24 17:03:22.972  INFO 3296 --- [http-nio-8080-exec-9] c.b.b.controller.DirectionController     : Initializing DirectionService : getDirections
2022-02-24 17:03:22.987  INFO 3296 --- [http-nio-8080-exec-9] c.b.b.service.impl.DirectionServiceImpl  : -- Get all entities Direction : Begin --
2022-02-24 17:03:22.987  INFO 3296 --- [http-nio-8080-exec-9] c.b.b.service.impl.DirectionServiceImpl  : -- All entities Direction get successfully --
2022-02-24 17:03:23.006  INFO 3296 --- [http-nio-8080-exec-9] c.b.b.controller.DirectionController     : Une liste de une ou plusieurs Direction trouvée.
Traitement effectué avec succès!
2022-02-24 17:21:04.042  INFO 3296 --- [Thread-17] j.LocalContainerEntityManagerFactoryBean : Closing JPA EntityManagerFactory for persistence unit 'default'
2022-02-24 17:21:04.044  INFO 3296 --- [Thread-17] com.zaxxer.hikari.HikariDataSource       : HikariPool-4 - Shutdown initiated...
2022-02-24 17:21:04.060  INFO 3296 --- [Thread-17] com.zaxxer.hikari.HikariDataSource       : HikariPool-4 - Shutdown completed.
2022-02-24 17:21:04.386  INFO 3296 --- [restartedMain] c.b.b.BhEvaluationProApplication         : Starting BhEvaluationProApplication using Java 1.8.0_241 on ABJL00100012 with PID 3296 (D:\env\src\workspace-spring-tool-suite\BHEvaluationPro\target\classes started by kyao in D:\env\src\workspace-spring-tool-suite\BHEvaluationPro)
2022-02-24 17:21:04.387  INFO 3296 --- [restartedMain] c.b.b.BhEvaluationProApplication         : No active profile set, falling back to default profiles: default
2022-02-24 17:21:04.683  INFO 3296 --- [restartedMain] .s.d.r.c.RepositoryConfigurationDelegate : Bootstrapping Spring Data JPA repositories in DEFAULT mode.
2022-02-24 17:21:04.727  INFO 3296 --- [restartedMain] .s.d.r.c.RepositoryConfigurationDelegate : Finished Spring Data repository scanning in 44 ms. Found 8 JPA repository interfaces.
2022-02-24 17:21:04.801  INFO 3296 --- [restartedMain] trationDelegate$BeanPostProcessorChecker : Bean 'org.springframework.ws.config.annotation.DelegatingWsConfiguration' of type [org.springframework.ws.config.annotation.DelegatingWsConfiguration$$EnhancerBySpringCGLIB$$8c4e80ff] is not eligible for getting processed by all BeanPostProcessors (for example: not eligible for auto-proxying)
2022-02-24 17:21:04.803  INFO 3296 --- [restartedMain] .w.s.a.s.AnnotationActionEndpointMapping : Supporting [WS-Addressing August 2004, WS-Addressing 1.0]
2022-02-24 17:21:04.976  INFO 3296 --- [restartedMain] o.s.b.w.embedded.tomcat.TomcatWebServer  : Tomcat initialized with port(s): 8080 (http)
2022-02-24 17:21:04.977  INFO 3296 --- [restartedMain] o.apache.catalina.core.StandardService   : Starting service [Tomcat]
2022-02-24 17:21:04.977  INFO 3296 --- [restartedMain] org.apache.catalina.core.StandardEngine  : Starting Servlet engine: [Apache Tomcat/9.0.56]
2022-02-24 17:21:05.006  INFO 3296 --- [restartedMain] o.a.c.c.C.[Tomcat].[localhost].[/]       : Initializing Spring embedded WebApplicationContext
2022-02-24 17:21:05.006  INFO 3296 --- [restartedMain] w.s.c.ServletWebServerApplicationContext : Root WebApplicationContext: initialization completed in 616 ms
2022-02-24 17:21:05.060  INFO 3296 --- [restartedMain] o.hibernate.jpa.internal.util.LogHelper  : HHH000204: Processing PersistenceUnitInfo [name: default]
2022-02-24 17:21:05.067  INFO 3296 --- [restartedMain] com.zaxxer.hikari.HikariDataSource       : HikariPool-5 - Starting...
2022-02-24 17:21:05.082  INFO 3296 --- [restartedMain] com.zaxxer.hikari.HikariDataSource       : HikariPool-5 - Start completed.
2022-02-24 17:21:05.082  INFO 3296 --- [restartedMain] org.hibernate.dialect.Dialect            : HHH000400: Using dialect: org.hibernate.dialect.MySQL5Dialect
2022-02-24 17:21:08.814  INFO 3296 --- [restartedMain] o.h.e.t.j.p.i.JtaPlatformInitiator       : HHH000490: Using JtaPlatform implementation: [org.hibernate.engine.transaction.jta.platform.internal.NoJtaPlatform]
2022-02-24 17:21:08.814  INFO 3296 --- [restartedMain] j.LocalContainerEntityManagerFactoryBean : Initialized JPA EntityManagerFactory for persistence unit 'default'
2022-02-24 17:21:09.312  WARN 3296 --- [restartedMain] JpaBaseConfiguration$JpaWebConfiguration : spring.jpa.open-in-view is enabled by default. Therefore, database queries may be performed during view rendering. Explicitly configure spring.jpa.open-in-view to disable this warning
2022-02-24 17:21:09.528  INFO 3296 --- [restartedMain] o.s.b.d.a.OptionalLiveReloadServer       : LiveReload server is running on port 35729
2022-02-24 17:21:09.544  INFO 3296 --- [restartedMain] o.s.b.w.embedded.tomcat.TomcatWebServer  : Tomcat started on port(s): 8080 (http) with context path ''
2022-02-24 17:21:09.550  INFO 3296 --- [restartedMain] c.b.b.BhEvaluationProApplication         : Started BhEvaluationProApplication in 5.198 seconds (JVM running for 2601.481)
2022-02-24 17:21:09.552  INFO 3296 --- [restartedMain] .ConditionEvaluationDeltaLoggingListener : Condition evaluation unchanged
2022-02-24 17:21:12.341  INFO 3296 --- [Thread-21] j.LocalContainerEntityManagerFactoryBean : Closing JPA EntityManagerFactory for persistence unit 'default'
2022-02-24 17:21:12.343  INFO 3296 --- [Thread-21] com.zaxxer.hikari.HikariDataSource       : HikariPool-5 - Shutdown initiated...
2022-02-24 17:21:12.353  INFO 3296 --- [Thread-21] com.zaxxer.hikari.HikariDataSource       : HikariPool-5 - Shutdown completed.
2022-02-24 17:21:12.633  INFO 3296 --- [restartedMain] c.b.b.BhEvaluationProApplication         : Starting BhEvaluationProApplication using Java 1.8.0_241 on ABJL00100012 with PID 3296 (D:\env\src\workspace-spring-tool-suite\BHEvaluationPro\target\classes started by kyao in D:\env\src\workspace-spring-tool-suite\BHEvaluationPro)
2022-02-24 17:21:12.633  INFO 3296 --- [restartedMain] c.b.b.BhEvaluationProApplication         : No active profile set, falling back to default profiles: default
2022-02-24 17:21:12.942  INFO 3296 --- [restartedMain] .s.d.r.c.RepositoryConfigurationDelegate : Bootstrapping Spring Data JPA repositories in DEFAULT mode.
2022-02-24 17:21:12.985  INFO 3296 --- [restartedMain] .s.d.r.c.RepositoryConfigurationDelegate : Finished Spring Data repository scanning in 42 ms. Found 8 JPA repository interfaces.
2022-02-24 17:21:13.062  INFO 3296 --- [restartedMain] trationDelegate$BeanPostProcessorChecker : Bean 'org.springframework.ws.config.annotation.DelegatingWsConfiguration' of type [org.springframework.ws.config.annotation.DelegatingWsConfiguration$$EnhancerBySpringCGLIB$$8c4e80ff] is not eligible for getting processed by all BeanPostProcessors (for example: not eligible for auto-proxying)
2022-02-24 17:21:13.064  INFO 3296 --- [restartedMain] .w.s.a.s.AnnotationActionEndpointMapping : Supporting [WS-Addressing August 2004, WS-Addressing 1.0]
2022-02-24 17:21:13.112  INFO 3296 --- [restartedMain] o.s.b.w.embedded.tomcat.TomcatWebServer  : Tomcat initialized with port(s): 8080 (http)
2022-02-24 17:21:13.112  INFO 3296 --- [restartedMain] o.apache.catalina.core.StandardService   : Starting service [Tomcat]
2022-02-24 17:21:13.112  INFO 3296 --- [restartedMain] org.apache.catalina.core.StandardEngine  : Starting Servlet engine: [Apache Tomcat/9.0.56]
2022-02-24 17:21:13.134  INFO 3296 --- [restartedMain] o.a.c.c.C.[Tomcat].[localhost].[/]       : Initializing Spring embedded WebApplicationContext
2022-02-24 17:21:13.134  INFO 3296 --- [restartedMain] w.s.c.ServletWebServerApplicationContext : Root WebApplicationContext: initialization completed in 496 ms
2022-02-24 17:21:13.197  INFO 3296 --- [restartedMain] o.hibernate.jpa.internal.util.LogHelper  : HHH000204: Processing PersistenceUnitInfo [name: default]
2022-02-24 17:21:13.202  INFO 3296 --- [restartedMain] com.zaxxer.hikari.HikariDataSource       : HikariPool-6 - Starting...
2022-02-24 17:21:13.216  INFO 3296 --- [restartedMain] com.zaxxer.hikari.HikariDataSource       : HikariPool-6 - Start completed.
2022-02-24 17:21:13.217  INFO 3296 --- [restartedMain] org.hibernate.dialect.Dialect            : HHH000400: Using dialect: org.hibernate.dialect.MySQL5Dialect
2022-02-24 17:21:15.871  INFO 3296 --- [restartedMain] o.h.e.t.j.p.i.JtaPlatformInitiator       : HHH000490: Using JtaPlatform implementation: [org.hibernate.engine.transaction.jta.platform.internal.NoJtaPlatform]
2022-02-24 17:21:15.871  INFO 3296 --- [restartedMain] j.LocalContainerEntityManagerFactoryBean : Initialized JPA EntityManagerFactory for persistence unit 'default'
